<?xml version="1.0" encoding="UTF-8"?>
<testsuite xmlns:xsi="http://www.w3.org/2001/XMLSchema-instance" xsi:noNamespaceSchemaLocation="https://maven.apache.org/surefire/maven-surefire-plugin/xsd/surefire-test-report-3.0.xsd" version="3.0" name="peaje.VehicleTest" time="0.016" tests="8" errors="0" skipped="0" failures="0">
  <properties>
[...]
</properties>
  <testcase name="testNotEqualsWithDifferentLicensePlates" classname="peaje.VehicleTest" time="0.003"/>
  <testcase name="testLicensePlate" classname="peaje.VehicleTest" time="0.001"/>
  <testcase name="testTollFeeForCar" classname="peaje.VehicleTest" time="0.001"/>
  <testcase name="testDifferentLicensePlates" classname="peaje.VehicleTest" time="0.001"/>
  <testcase name="testTollFeeForMultipleCars" classname="peaje.VehicleTest" time="0"/>
  <testcase name="testLongLicensePlate" classname="peaje.VehicleTest" time="0"/>
  <testcase name="testMultipleVehiclesCreation" classname="peaje.VehicleTest" time="0.006"/>
  <testcase name="testVehicleInheritance" classname="peaje.VehicleTest" time="0"/>
</testsuite>